<?xml version="1.0" encoding="UTF-8"?>
<!-- Generated by org.testng.reporters.JUnitReportReporter -->
<testsuite hostname="Markos-MacBook-Pro.local" failures="0" tests="2" name="markosovilj.tests.ErrorValidations" time="13.021" errors="0" timestamp="2024-04-01T20:43:46 CEST" skipped="0">
  <testcase classname="markosovilj.tests.ErrorValidations" name="ProductErrorValidation" time="7.227"/>
  <testcase classname="markosovilj.tests.ErrorValidations" name="LoginErrorValidation" time="5.794"/>
</testsuite> <!-- markosovilj.tests.ErrorValidations -->
