<?xml version="1.0" encoding="UTF-8"?>
<!-- Generated by org.testng.reporters.JUnitReportReporter -->
<testsuite hostname="Markos-MacBook-Pro.local" failures="0" tests="3" name="markosovilj.tests.StandAloneTest" time="20.455" errors="0" timestamp="2024-04-04T19:22:01 CEST" skipped="0">
  <testcase classname="markosovilj.tests.StandAloneTest" name="submitOrder" time="7.658"/>
  <testcase classname="markosovilj.tests.StandAloneTest" name="submitOrder" time="7.872"/>
  <testcase classname="markosovilj.tests.StandAloneTest" name="OrderHistoryTest" time="4.925"/>
</testsuite> <!-- markosovilj.tests.StandAloneTest -->
