<?xml version="1.0" encoding="UTF-8"?>
<!-- Generated by org.testng.reporters.JUnitReportReporter -->
<testsuite hostname="Markos-MacBook-Pro.local" failures="0" tests="2" name="cucumber.TestNGTestRunner" time="15.224" errors="0" timestamp="2024-04-07T14:36:22 CEST" skipped="0">
  <testcase classname="cucumber.TestNGTestRunner" name="runScenario" time="7.334"/>
  <testcase classname="cucumber.TestNGTestRunner" name="runScenario" time="7.890"/>
</testsuite> <!-- cucumber.TestNGTestRunner -->
