<?xml version="1.0" encoding="UTF-8"?>
<!-- Generated by org.testng.reporters.JUnitReportReporter -->
<testsuite hostname="Markos-MacBook-Pro.local" failures="0" tests="2" name="markosovilj.tests.ErrorValidationsTest" time="12.768" errors="0" timestamp="2024-04-04T19:22:01 CEST" skipped="0">
  <testcase classname="markosovilj.tests.ErrorValidationsTest" name="LoginErrorValidation" time="5.941"/>
  <testcase classname="markosovilj.tests.ErrorValidationsTest" name="ProductErrorValidation" time="6.827"/>
</testsuite> <!-- markosovilj.tests.ErrorValidationsTest -->
